<?xml version="1.0" encoding="UTF-8"?>
<testng-results ignored="0" total="1" passed="1" failed="0" skipped="0">
  <reporter-output>
  </reporter-output>
  <suite started-at="2022-10-18T10:57:29Z" name="Default suite" finished-at="2022-10-18T10:57:51Z" duration-ms="21548">
    <groups>
    </groups>
    <test started-at="2022-10-18T10:57:29Z" name="Default test" finished-at="2022-10-18T10:57:51Z" duration-ms="21548">
      <class name="com.crm.vtiger3.testcases.copy.copy.CreatingOrgNameWDTest">
        <test-method is-config="true" signature="dataBaseconnection()[pri:0, instance:com.crm.vtiger3.testcases.copy.copy.CreatingOrgNameWDTest@82ea68c]" started-at="2022-10-18T10:57:29Z" name="dataBaseconnection" finished-at="2022-10-18T10:57:29Z" duration-ms="18" status="PASS">
          <reporter-output>
          </reporter-output>
        </test-method> <!-- dataBaseconnection -->
        <test-method is-config="true" signature="launchBrowser()[pri:0, instance:com.crm.vtiger3.testcases.copy.copy.CreatingOrgNameWDTest@82ea68c]" started-at="2022-10-18T10:57:29Z" name="launchBrowser" finished-at="2022-10-18T10:57:35Z" duration-ms="5254" status="PASS">
          <reporter-output>
          </reporter-output>
        </test-method> <!-- launchBrowser -->
        <test-method is-config="true" signature="logintoApp()[pri:0, instance:com.crm.vtiger3.testcases.copy.copy.CreatingOrgNameWDTest@82ea68c]" started-at="2022-10-18T10:57:35Z" name="logintoApp" finished-at="2022-10-18T10:57:38Z" duration-ms="3104" status="PASS">
          <reporter-output>
          </reporter-output>
        </test-method> <!-- logintoApp -->
        <test-method signature="classcreatingorgnameTestNG()[pri:0, instance:com.crm.vtiger3.testcases.copy.copy.CreatingOrgNameWDTest@82ea68c]" started-at="2022-10-18T10:57:38Z" name="classcreatingorgnameTestNG" finished-at="2022-10-18T10:57:48Z" duration-ms="9806" status="PASS">
          <reporter-output>
          </reporter-output>
        </test-method> <!-- classcreatingorgnameTestNG -->
        <test-method is-config="true" signature="logout()[pri:0, instance:com.crm.vtiger3.testcases.copy.copy.CreatingOrgNameWDTest@82ea68c]" started-at="2022-10-18T10:57:48Z" name="logout" finished-at="2022-10-18T10:57:51Z" duration-ms="3193" status="PASS">
          <reporter-output>
          </reporter-output>
        </test-method> <!-- logout -->
        <test-method is-config="true" signature="closeBrowser()[pri:0, instance:com.crm.vtiger3.testcases.copy.copy.CreatingOrgNameWDTest@82ea68c]" started-at="2022-10-18T10:57:51Z" name="closeBrowser" finished-at="2022-10-18T10:57:51Z" duration-ms="163" status="PASS">
          <reporter-output>
          </reporter-output>
        </test-method> <!-- closeBrowser -->
        <test-method is-config="true" signature="dataBaseDisconnected()[pri:0, instance:com.crm.vtiger3.testcases.copy.copy.CreatingOrgNameWDTest@82ea68c]" started-at="2022-10-18T10:57:51Z" name="dataBaseDisconnected" finished-at="2022-10-18T10:57:51Z" duration-ms="1" status="PASS">
          <reporter-output>
          </reporter-output>
        </test-method> <!-- dataBaseDisconnected -->
      </class> <!-- com.crm.vtiger3.testcases.copy.copy.CreatingOrgNameWDTest -->
    </test> <!-- Default test -->
  </suite> <!-- Default suite -->
</testng-results>
